set 09, 2024 9:36:30 PM com.example.progetto.Controller.ServerController initialize
INFO: Server controller initialized
set 09, 2024 9:36:32 PM com.example.progetto.Controller.ServerController startServer
INFO: Server started
set 09, 2024 9:36:32 PM com.example.progetto.Controller.EmailController loadEmails
INFO: Total emails for client fabiodelia@progetto.com: 0
set 09, 2024 9:36:32 PM com.example.progetto.Controller.EmailController setServerController
INFO: ServerController set in EmailController : fabiodelia@progetto.com
set 09, 2024 9:36:34 PM com.example.progetto.Controller.EmailController loadEmails
INFO: Total emails for client vanessaconterno@progetto.com: 0
set 09, 2024 9:36:34 PM com.example.progetto.Controller.EmailController setServerController
INFO: ServerController set in EmailController : vanessaconterno@progetto.com
set 09, 2024 9:36:47 PM com.example.progetto.Controller.NewMailHandler lambda$createNewMail$0
WARNING: Tentativo di invio email con campi mancanti
set 09, 2024 9:36:50 PM com.example.progetto.Controller.NewMailHandler lambda$createNewMail$0
INFO: Nuova mail per receiver: fabiodelia@progetto.com
set 09, 2024 9:36:50 PM com.example.progetto.Controller.EmailController handleNewMail
INFO: New email created successfully by: vanessaconterno@progetto.com
set 09, 2024 9:36:53 PM com.example.progetto.Controller.EmailController loadEmails
INFO: Total emails for client fabiodelia@progetto.com: 1
set 09, 2024 9:37:38 PM com.example.progetto.Controller.EmailController loadEmails
INFO: Total emails for client filippoditto@progetto.com: 0
set 09, 2024 9:37:38 PM com.example.progetto.Controller.EmailController setServerController
INFO: ServerController set in EmailController : filippoditto@progetto.com
set 09, 2024 9:38:27 PM com.example.progetto.Controller.ServerController stopServer
INFO: Server stopped
set 09, 2024 9:38:28 PM com.example.progetto.Controller.ServerController startServer
INFO: Server started
set 09, 2024 9:38:29 PM com.example.progetto.Controller.EmailController loadEmails
INFO: Total emails for client fabiodelia@progetto.com: 1
set 09, 2024 9:38:29 PM com.example.progetto.Controller.EmailController setServerController
INFO: ServerController set in EmailController : fabiodelia@progetto.com
set 09, 2024 9:38:30 PM com.example.progetto.Controller.EmailController lambda$showEmailDetailView$3
INFO: Email marked as read: true
set 09, 2024 9:38:31 PM com.example.progetto.Controller.EmailController loadEmails
INFO: Total emails for client fabiodelia@progetto.com: 1
set 09, 2024 9:38:32 PM com.example.progetto.Controller.EmailDetailController handleDelete
INFO: Email deleted successfully.
set 09, 2024 9:38:35 PM com.example.progetto.Controller.EmailController loadEmails
INFO: Total emails for client fabiodelia@progetto.com: 0
set 09, 2024 9:38:37 PM com.example.progetto.Controller.ServerController stopServer
INFO: Server stopped
